


ARM Macro Assembler    Page 1 


    1 00000000         ;/******************************************************
                       ***********************
    2 00000000         ; * @file:    startup_LPC55S69_cm33_core0.s
    3 00000000         ; * @purpose: CMSIS Cortex-M33 Core Device Startup File 
                       for the
    4 00000000         ; *           LPC55S69_cm33_core0
    5 00000000         ; * @version: 1.1
    6 00000000         ; * @date:    2019-5-16
    7 00000000         ; *
    8 00000000         ; * Copyright 1997-2016 Freescale Semiconductor, Inc.
    9 00000000         ; * Copyright 2016-2019 NXP
   10 00000000         ; * All rights reserved.
   11 00000000         ; *
   12 00000000         ; * SPDX-License-Identifier: BSD-3-Clause
   13 00000000         ; *
   14 00000000         ; *------- <<< Use Configuration Wizard in Context Menu 
                       >>> ------------------
   15 00000000         ; *
   16 00000000         ; ******************************************************
                       ***********************/
   17 00000000         
   18 00000000         
   19 00000000                 PRESERVE8
   20 00000000                 THUMB
   21 00000000         
   22 00000000         ; Vector Table Mapped to Address 0 at Reset
   23 00000000                 AREA             RESET, DATA, READONLY
   24 00000000                 EXPORT           __Vectors
   25 00000000                 IMPORT           |Image$$ARM_LIB_STACK$$ZI$$Limi
t|
   26 00000000         
   27 00000000 00000000 
                       __Vectors
                               DCD              |Image$$ARM_LIB_STACK$$ZI$$Limi
t| 
                                                            ; Top of Stack
   28 00000004 00000000        DCD              Reset_Handler ; Reset Handler
   29 00000008         
   30 00000008 00000000        DCD              NMI_Handler
   31 0000000C 00000000        DCD              HardFault_Handler
   32 00000010 00000000        DCD              MemManage_Handler
   33 00000014 00000000        DCD              BusFault_Handler
   34 00000018 00000000        DCD              UsageFault_Handler
   35 0000001C         __vector_table_0x1c
   36 0000001C 00000000        DCD              SecureFault_Handler
   37 00000020 00000000        DCD              0
   38 00000024 00000000        DCD              0           ; Enhanced image ma
                                                            rker, set to 0x0 fo
                                                            r legacy boot
   39 00000028 00000000        DCD              0           ; Pointer to enhanc
                                                            ed boot block, set 
                                                            to 0x0 for legacy b
                                                            oot
   40 0000002C 00000000        DCD              SVC_Handler
   41 00000030 00000000        DCD              DebugMon_Handler
   42 00000034 00000000        DCD              0
   43 00000038 00000000        DCD              PendSV_Handler
   44 0000003C 00000000        DCD              SysTick_Handler
   45 00000040         



ARM Macro Assembler    Page 2 


   46 00000040         ; External Interrupts
   47 00000040 00000000        DCD              WDT_BOD_IRQHandler ; Windowed w
                                                            atchdog timer, Brow
                                                            nout detect, Flash 
                                                            interrupt
   48 00000044 00000000        DCD              DMA0_IRQHandler 
                                                            ; DMA0 controller
   49 00000048 00000000        DCD              GINT0_IRQHandler ; GPIO group 0
                                                            
   50 0000004C 00000000        DCD              GINT1_IRQHandler ; GPIO group 1
                                                            
   51 00000050 00000000        DCD              PIN_INT0_IRQHandler ; Pin inter
                                                            rupt 0 or pattern m
                                                            atch engine slice 0
                                                            
   52 00000054 00000000        DCD              PIN_INT1_IRQHandler ; Pin inter
                                                            rupt 1or pattern ma
                                                            tch engine slice 1
   53 00000058 00000000        DCD              PIN_INT2_IRQHandler ; Pin inter
                                                            rupt 2 or pattern m
                                                            atch engine slice 2
                                                            
   54 0000005C 00000000        DCD              PIN_INT3_IRQHandler ; Pin inter
                                                            rupt 3 or pattern m
                                                            atch engine slice 3
                                                            
   55 00000060 00000000        DCD              UTICK0_IRQHandler 
                                                            ; Micro-tick Timer
   56 00000064 00000000        DCD              MRT0_IRQHandler 
                                                            ; Multi-rate timer
   57 00000068 00000000        DCD              CTIMER0_IRQHandler ; Standard c
                                                            ounter/timer CTIMER
                                                            0
   58 0000006C 00000000        DCD              CTIMER1_IRQHandler ; Standard c
                                                            ounter/timer CTIMER
                                                            1
   59 00000070 00000000        DCD              SCT0_IRQHandler ; SCTimer/PWM
   60 00000074 00000000        DCD              CTIMER3_IRQHandler ; Standard c
                                                            ounter/timer CTIMER
                                                            3
   61 00000078 00000000        DCD              FLEXCOMM0_IRQHandler ; Flexcomm
                                                             Interface 0 (USART
                                                            , SPI, I2C, I2S, FL
                                                            EXCOMM)
   62 0000007C 00000000        DCD              FLEXCOMM1_IRQHandler ; Flexcomm
                                                             Interface 1 (USART
                                                            , SPI, I2C, I2S, FL
                                                            EXCOMM)
   63 00000080 00000000        DCD              FLEXCOMM2_IRQHandler ; Flexcomm
                                                             Interface 2 (USART
                                                            , SPI, I2C, I2S, FL
                                                            EXCOMM)
   64 00000084 00000000        DCD              FLEXCOMM3_IRQHandler ; Flexcomm
                                                             Interface 3 (USART
                                                            , SPI, I2C, I2S, FL
                                                            EXCOMM)
   65 00000088 00000000        DCD              FLEXCOMM4_IRQHandler ; Flexcomm
                                                             Interface 4 (USART
                                                            , SPI, I2C, I2S, FL



ARM Macro Assembler    Page 3 


                                                            EXCOMM)
   66 0000008C 00000000        DCD              FLEXCOMM5_IRQHandler ; Flexcomm
                                                             Interface 5 (USART
                                                            , SPI, I2C, I2S, FL
                                                            EXCOMM)
   67 00000090 00000000        DCD              FLEXCOMM6_IRQHandler ; Flexcomm
                                                             Interface 6 (USART
                                                            , SPI, I2C, I2S, FL
                                                            EXCOMM)
   68 00000094 00000000        DCD              FLEXCOMM7_IRQHandler ; Flexcomm
                                                             Interface 7 (USART
                                                            , SPI, I2C, I2S, FL
                                                            EXCOMM)
   69 00000098 00000000        DCD              ADC0_IRQHandler ; ADC0
   70 0000009C 00000000        DCD              Reserved39_IRQHandler ; Reserve
                                                            d interrupt
   71 000000A0 00000000        DCD              ACMP_IRQHandler 
                                                            ; ACMP  interrupts
   72 000000A4 00000000        DCD              Reserved41_IRQHandler ; Reserve
                                                            d interrupt
   73 000000A8 00000000        DCD              Reserved42_IRQHandler ; Reserve
                                                            d interrupt
   74 000000AC 00000000        DCD              USB0_NEEDCLK_IRQHandler ; USB A
                                                            ctivity Wake-up Int
                                                            errupt
   75 000000B0 00000000        DCD              USB0_IRQHandler ; USB device
   76 000000B4 00000000        DCD              RTC_IRQHandler ; RTC alarm and 
                                                            wake-up interrupts
   77 000000B8 00000000        DCD              Reserved46_IRQHandler ; Reserve
                                                            d interrupt
   78 000000BC 00000000        DCD              MAILBOX_IRQHandler ; WAKEUP,Mai
                                                            lbox interrupt (pre
                                                            sent on selected de
                                                            vices)
   79 000000C0 00000000        DCD              PIN_INT4_IRQHandler ; Pin inter
                                                            rupt 4 or pattern m
                                                            atch engine slice 4
                                                             int
   80 000000C4 00000000        DCD              PIN_INT5_IRQHandler ; Pin inter
                                                            rupt 5 or pattern m
                                                            atch engine slice 5
                                                             int
   81 000000C8 00000000        DCD              PIN_INT6_IRQHandler ; Pin inter
                                                            rupt 6 or pattern m
                                                            atch engine slice 6
                                                             int
   82 000000CC 00000000        DCD              PIN_INT7_IRQHandler ; Pin inter
                                                            rupt 7 or pattern m
                                                            atch engine slice 7
                                                             int
   83 000000D0 00000000        DCD              CTIMER2_IRQHandler ; Standard c
                                                            ounter/timer CTIMER
                                                            2
   84 000000D4 00000000        DCD              CTIMER4_IRQHandler ; Standard c
                                                            ounter/timer CTIMER
                                                            4
   85 000000D8 00000000        DCD              OS_EVENT_IRQHandler ; OSEVTIMER
                                                            0 and OSEVTIMER0_WA
                                                            KEUP interrupts



ARM Macro Assembler    Page 4 


   86 000000DC 00000000        DCD              Reserved55_IRQHandler ; Reserve
                                                            d interrupt
   87 000000E0 00000000        DCD              Reserved56_IRQHandler ; Reserve
                                                            d interrupt
   88 000000E4 00000000        DCD              Reserved57_IRQHandler ; Reserve
                                                            d interrupt
   89 000000E8 00000000        DCD              SDIO_IRQHandler ; SD/MMC
   90 000000EC 00000000        DCD              Reserved59_IRQHandler ; Reserve
                                                            d interrupt
   91 000000F0 00000000        DCD              Reserved60_IRQHandler ; Reserve
                                                            d interrupt
   92 000000F4 00000000        DCD              Reserved61_IRQHandler ; Reserve
                                                            d interrupt
   93 000000F8 00000000        DCD              USB1_UTMI_IRQHandler 
                                                            ; USB1_UTMI
   94 000000FC 00000000        DCD              USB1_IRQHandler 
                                                            ; USB1 interrupt
   95 00000100 00000000        DCD              USB1_NEEDCLK_IRQHandler 
                                                            ; USB1 activity
   96 00000104 00000000        DCD              SEC_HYPERVISOR_CALL_IRQHandler 
                                                            ; SEC_HYPERVISOR_CA
                                                            LL interrupt
   97 00000108 00000000        DCD              SEC_GPIO_INT0_IRQ0_IRQHandler ;
                                                             SEC_GPIO_INT0_IRQ0
                                                             interrupt
   98 0000010C 00000000        DCD              SEC_GPIO_INT0_IRQ1_IRQHandler ;
                                                             SEC_GPIO_INT0_IRQ1
                                                             interrupt
   99 00000110 00000000        DCD              PLU_IRQHandler ; PLU interrupt
  100 00000114 00000000        DCD              SEC_VIO_IRQHandler 
                                                            ; SEC_VIO interrupt
                                                            
  101 00000118 00000000        DCD              HASHCRYPT_IRQHandler ; HASHCRYP
                                                            T interrupt
  102 0000011C 00000000        DCD              CASER_IRQHandler 
                                                            ; CASPER interrupt
  103 00000120 00000000        DCD              PUF_IRQHandler ; PUF interrupt
  104 00000124 00000000        DCD              PQ_IRQHandler ; PQ interrupt
  105 00000128 00000000        DCD              DMA1_IRQHandler 
                                                            ; DMA1 interrupt
  106 0000012C 00000000        DCD              FLEXCOMM8_IRQHandler ; Flexcomm
                                                             Interface 8 (SPI, 
                                                            , FLEXCOMM)
  107 00000130         
  108 00000130         
  109 00000130                 AREA             |.text|, CODE, READONLY
  110 00000000         
  111 00000000         ; Reset Handler
  112 00000000         Reset_Handler
                               PROC
  113 00000000                 EXPORT           Reset_Handler               [WE
AK]
  114 00000000                 IMPORT           SystemInit
  115 00000000                 IMPORT           __main
  116 00000000                 IMPORT           |Image$$ARM_LIB_STACK$$ZI$$Base
|
  117 00000000         
  118 00000000 B672            CPSID            I           ; Mask interrupts
  119 00000002 4845            LDR              R0, =|Image$$ARM_LIB_STACK$$ZI$



ARM Macro Assembler    Page 5 


$Base|
  120 00000004 F380 880A       MSR              MSPLIM, R0
  121 00000008 4844            LDR              R0, =SystemInit
  122 0000000A 4780            BLX              R0
  123 0000000C B662            CPSIE            I           ; Unmask interrupts
                                                            
  124 0000000E 4844            LDR              R0, =__main
  125 00000010 4700            BX               R0
  126 00000012                 ENDP
  127 00000012         
  128 00000012         ; Dummy Exception Handlers (infinite loops which can be 
                       modified)
  129 00000012         NMI_Handler
                               PROC
  130 00000012                 EXPORT           NMI_Handler               [WEAK
]
  131 00000012 E7FE            B                .
  132 00000014                 ENDP
  133 00000014         
  135 00000014         HardFault_Handler
                               PROC
  136 00000014                 EXPORT           HardFault_Handler         [WEAK
]
  137 00000014 E7FE            B                .
  138 00000016                 ENDP
  139 00000016         
  140 00000016         MemManage_Handler
                               PROC
  141 00000016                 EXPORT           MemManage_Handler         [WEAK
]
  142 00000016 E7FE            B                .
  143 00000018                 ENDP
  144 00000018         
  145 00000018         BusFault_Handler
                               PROC
  146 00000018                 EXPORT           BusFault_Handler          [WEAK
]
  147 00000018 E7FE            B                .
  148 0000001A                 ENDP
  149 0000001A         
  150 0000001A         UsageFault_Handler
                               PROC
  151 0000001A                 EXPORT           UsageFault_Handler        [WEAK
]
  152 0000001A E7FE            B                .
  153 0000001C                 ENDP
  154 0000001C         
  155 0000001C         SecureFault_Handler
                               PROC
  156 0000001C                 EXPORT           SecureFault_Handler       [WEAK
]
  157 0000001C E7FE            B                .
  158 0000001E                 ENDP
  159 0000001E         
  160 0000001E         SVC_Handler
                               PROC
  161 0000001E                 EXPORT           SVC_Handler               [WEAK
]
  162 0000001E E7FE            B                .



ARM Macro Assembler    Page 6 


  163 00000020                 ENDP
  164 00000020         
  165 00000020         DebugMon_Handler
                               PROC
  166 00000020                 EXPORT           DebugMon_Handler          [WEAK
]
  167 00000020 E7FE            B                .
  168 00000022                 ENDP
  169 00000022         
  170 00000022         PendSV_Handler
                               PROC
  171 00000022                 EXPORT           PendSV_Handler            [WEAK
]
  172 00000022 E7FE            B                .
  173 00000024                 ENDP
  174 00000024         
  175 00000024         SysTick_Handler
                               PROC
  176 00000024                 EXPORT           SysTick_Handler           [WEAK
]
  177 00000024 E7FE            B                .
  178 00000026                 ENDP
  179 00000026         
  181 00000026         WDT_BOD_IRQHandler
                               PROC
  182 00000026                 EXPORT           WDT_BOD_IRQHandler        [WEAK
]
  183 00000026 483F            LDR              R0, =WDT_BOD_DriverIRQHandler
  184 00000028 4700            BX               R0
  185 0000002A                 ENDP
  186 0000002A         
  188 0000002A         DMA0_IRQHandler
                               PROC
  189 0000002A                 EXPORT           DMA0_IRQHandler        [WEAK]
  190 0000002A 483F            LDR              R0, =DMA0_DriverIRQHandler
  191 0000002C 4700            BX               R0
  192 0000002E                 ENDP
  193 0000002E         
  195 0000002E         GINT0_IRQHandler
                               PROC
  196 0000002E                 EXPORT           GINT0_IRQHandler        [WEAK]
  197 0000002E 483F            LDR              R0, =GINT0_DriverIRQHandler
  198 00000030 4700            BX               R0
  199 00000032                 ENDP
  200 00000032         
  202 00000032         GINT1_IRQHandler
                               PROC
  203 00000032                 EXPORT           GINT1_IRQHandler        [WEAK]
  204 00000032 483F            LDR              R0, =GINT1_DriverIRQHandler
  205 00000034 4700            BX               R0
  206 00000036                 ENDP
  207 00000036         
  209 00000036         PIN_INT0_IRQHandler
                               PROC
  210 00000036                 EXPORT           PIN_INT0_IRQHandler        [WEA
K]
  211 00000036 483F            LDR              R0, =PIN_INT0_DriverIRQHandler
  212 00000038 4700            BX               R0
  213 0000003A                 ENDP



ARM Macro Assembler    Page 7 


  214 0000003A         
  216 0000003A         PIN_INT1_IRQHandler
                               PROC
  217 0000003A                 EXPORT           PIN_INT1_IRQHandler        [WEA
K]
  218 0000003A 483F            LDR              R0, =PIN_INT1_DriverIRQHandler
  219 0000003C 4700            BX               R0
  220 0000003E                 ENDP
  221 0000003E         
  223 0000003E         PIN_INT2_IRQHandler
                               PROC
  224 0000003E                 EXPORT           PIN_INT2_IRQHandler        [WEA
K]
  225 0000003E 483F            LDR              R0, =PIN_INT2_DriverIRQHandler
  226 00000040 4700            BX               R0
  227 00000042                 ENDP
  228 00000042         
  230 00000042         PIN_INT3_IRQHandler
                               PROC
  231 00000042                 EXPORT           PIN_INT3_IRQHandler        [WEA
K]
  232 00000042 483F            LDR              R0, =PIN_INT3_DriverIRQHandler
  233 00000044 4700            BX               R0
  234 00000046                 ENDP
  235 00000046         
  237 00000046         UTICK0_IRQHandler
                               PROC
  238 00000046                 EXPORT           UTICK0_IRQHandler        [WEAK]
  239 00000046 483F            LDR              R0, =UTICK0_DriverIRQHandler
  240 00000048 4700            BX               R0
  241 0000004A                 ENDP
  242 0000004A         
  244 0000004A         MRT0_IRQHandler
                               PROC
  245 0000004A                 EXPORT           MRT0_IRQHandler        [WEAK]
  246 0000004A 483F            LDR              R0, =MRT0_DriverIRQHandler
  247 0000004C 4700            BX               R0
  248 0000004E                 ENDP
  249 0000004E         
  251 0000004E         CTIMER0_IRQHandler
                               PROC
  252 0000004E                 EXPORT           CTIMER0_IRQHandler        [WEAK
]
  253 0000004E 483F            LDR              R0, =CTIMER0_DriverIRQHandler
  254 00000050 4700            BX               R0
  255 00000052                 ENDP
  256 00000052         
  258 00000052         CTIMER1_IRQHandler
                               PROC
  259 00000052                 EXPORT           CTIMER1_IRQHandler        [WEAK
]
  260 00000052 483F            LDR              R0, =CTIMER1_DriverIRQHandler
  261 00000054 4700            BX               R0
  262 00000056                 ENDP
  263 00000056         
  265 00000056         SCT0_IRQHandler
                               PROC
  266 00000056                 EXPORT           SCT0_IRQHandler        [WEAK]
  267 00000056 483F            LDR              R0, =SCT0_DriverIRQHandler



ARM Macro Assembler    Page 8 


  268 00000058 4700            BX               R0
  269 0000005A                 ENDP
  270 0000005A         
  272 0000005A         CTIMER3_IRQHandler
                               PROC
  273 0000005A                 EXPORT           CTIMER3_IRQHandler        [WEAK
]
  274 0000005A 483F            LDR              R0, =CTIMER3_DriverIRQHandler
  275 0000005C 4700            BX               R0
  276 0000005E                 ENDP
  277 0000005E         
  279 0000005E         FLEXCOMM0_IRQHandler
                               PROC
  280 0000005E                 EXPORT           FLEXCOMM0_IRQHandler        [WE
AK]
  281 0000005E 483F            LDR              R0, =FLEXCOMM0_DriverIRQHandler
  282 00000060 4700            BX               R0
  283 00000062                 ENDP
  284 00000062         
  286 00000062         FLEXCOMM1_IRQHandler
                               PROC
  287 00000062                 EXPORT           FLEXCOMM1_IRQHandler        [WE
AK]
  288 00000062 483F            LDR              R0, =FLEXCOMM1_DriverIRQHandler
  289 00000064 4700            BX               R0
  290 00000066                 ENDP
  291 00000066         
  293 00000066         FLEXCOMM2_IRQHandler
                               PROC
  294 00000066                 EXPORT           FLEXCOMM2_IRQHandler        [WE
AK]
  295 00000066 483F            LDR              R0, =FLEXCOMM2_DriverIRQHandler
  296 00000068 4700            BX               R0
  297 0000006A                 ENDP
  298 0000006A         
  300 0000006A         FLEXCOMM3_IRQHandler
                               PROC
  301 0000006A                 EXPORT           FLEXCOMM3_IRQHandler        [WE
AK]
  302 0000006A 483F            LDR              R0, =FLEXCOMM3_DriverIRQHandler
  303 0000006C 4700            BX               R0
  304 0000006E                 ENDP
  305 0000006E         
  307 0000006E         FLEXCOMM4_IRQHandler
                               PROC
  308 0000006E                 EXPORT           FLEXCOMM4_IRQHandler        [WE
AK]
  309 0000006E 483F            LDR              R0, =FLEXCOMM4_DriverIRQHandler
  310 00000070 4700            BX               R0
  311 00000072                 ENDP
  312 00000072         
  314 00000072         FLEXCOMM5_IRQHandler
                               PROC
  315 00000072                 EXPORT           FLEXCOMM5_IRQHandler        [WE
AK]
  316 00000072 483F            LDR              R0, =FLEXCOMM5_DriverIRQHandler
  317 00000074 4700            BX               R0
  318 00000076                 ENDP
  319 00000076         



ARM Macro Assembler    Page 9 


  321 00000076         FLEXCOMM6_IRQHandler
                               PROC
  322 00000076                 EXPORT           FLEXCOMM6_IRQHandler        [WE
AK]
  323 00000076 483F            LDR              R0, =FLEXCOMM6_DriverIRQHandler
  324 00000078 4700            BX               R0
  325 0000007A                 ENDP
  326 0000007A         
  328 0000007A         FLEXCOMM7_IRQHandler
                               PROC
  329 0000007A                 EXPORT           FLEXCOMM7_IRQHandler        [WE
AK]
  330 0000007A 483F            LDR              R0, =FLEXCOMM7_DriverIRQHandler
  331 0000007C 4700            BX               R0
  332 0000007E                 ENDP
  333 0000007E         
  335 0000007E         ADC0_IRQHandler
                               PROC
  336 0000007E                 EXPORT           ADC0_IRQHandler        [WEAK]
  337 0000007E 483F            LDR              R0, =ADC0_DriverIRQHandler
  338 00000080 4700            BX               R0
  339 00000082                 ENDP
  340 00000082         
  342 00000082         Reserved39_IRQHandler
                               PROC
  343 00000082                 EXPORT           Reserved39_IRQHandler        [W
EAK]
  344 00000082 483F            LDR              R0, =Reserved39_DriverIRQHandle
r
  345 00000084 4700            BX               R0
  346 00000086                 ENDP
  347 00000086         
  349 00000086         ACMP_IRQHandler
                               PROC
  350 00000086                 EXPORT           ACMP_IRQHandler        [WEAK]
  351 00000086 483F            LDR              R0, =ACMP_DriverIRQHandler
  352 00000088 4700            BX               R0
  353 0000008A                 ENDP
  354 0000008A         
  356 0000008A         Reserved41_IRQHandler
                               PROC
  357 0000008A                 EXPORT           Reserved41_IRQHandler        [W
EAK]
  358 0000008A 483F            LDR              R0, =Reserved41_DriverIRQHandle
r
  359 0000008C 4700            BX               R0
  360 0000008E                 ENDP
  361 0000008E         
  363 0000008E         Reserved42_IRQHandler
                               PROC
  364 0000008E                 EXPORT           Reserved42_IRQHandler        [W
EAK]
  365 0000008E 483F            LDR              R0, =Reserved42_DriverIRQHandle
r
  366 00000090 4700            BX               R0
  367 00000092                 ENDP
  368 00000092         
  370 00000092         USB0_NEEDCLK_IRQHandler
                               PROC



ARM Macro Assembler    Page 10 


  371 00000092                 EXPORT           USB0_NEEDCLK_IRQHandler        
[WEAK]
  372 00000092 483F            LDR              R0, =USB0_NEEDCLK_DriverIRQHand
ler
  373 00000094 4700            BX               R0
  374 00000096                 ENDP
  375 00000096         
  377 00000096         USB0_IRQHandler
                               PROC
  378 00000096                 EXPORT           USB0_IRQHandler        [WEAK]
  379 00000096 483F            LDR              R0, =USB0_DriverIRQHandler
  380 00000098 4700            BX               R0
  381 0000009A                 ENDP
  382 0000009A         
  384 0000009A         RTC_IRQHandler
                               PROC
  385 0000009A                 EXPORT           RTC_IRQHandler        [WEAK]
  386 0000009A 483F            LDR              R0, =RTC_DriverIRQHandler
  387 0000009C 4700            BX               R0
  388 0000009E                 ENDP
  389 0000009E         
  391 0000009E         Reserved46_IRQHandler
                               PROC
  392 0000009E                 EXPORT           Reserved46_IRQHandler        [W
EAK]
  393 0000009E 483F            LDR              R0, =Reserved46_DriverIRQHandle
r
  394 000000A0 4700            BX               R0
  395 000000A2                 ENDP
  396 000000A2         
  398 000000A2         MAILBOX_IRQHandler
                               PROC
  399 000000A2                 EXPORT           MAILBOX_IRQHandler        [WEAK
]
  400 000000A2 483F            LDR              R0, =MAILBOX_DriverIRQHandler
  401 000000A4 4700            BX               R0
  402 000000A6                 ENDP
  403 000000A6         
  405 000000A6         PIN_INT4_IRQHandler
                               PROC
  406 000000A6                 EXPORT           PIN_INT4_IRQHandler        [WEA
K]
  407 000000A6 483F            LDR              R0, =PIN_INT4_DriverIRQHandler
  408 000000A8 4700            BX               R0
  409 000000AA                 ENDP
  410 000000AA         
  412 000000AA         PIN_INT5_IRQHandler
                               PROC
  413 000000AA                 EXPORT           PIN_INT5_IRQHandler        [WEA
K]
  414 000000AA 483F            LDR              R0, =PIN_INT5_DriverIRQHandler
  415 000000AC 4700            BX               R0
  416 000000AE                 ENDP
  417 000000AE         
  419 000000AE         PIN_INT6_IRQHandler
                               PROC
  420 000000AE                 EXPORT           PIN_INT6_IRQHandler        [WEA
K]
  421 000000AE 483F            LDR              R0, =PIN_INT6_DriverIRQHandler



ARM Macro Assembler    Page 11 


  422 000000B0 4700            BX               R0
  423 000000B2                 ENDP
  424 000000B2         
  426 000000B2         PIN_INT7_IRQHandler
                               PROC
  427 000000B2                 EXPORT           PIN_INT7_IRQHandler        [WEA
K]
  428 000000B2 483F            LDR              R0, =PIN_INT7_DriverIRQHandler
  429 000000B4 4700            BX               R0
  430 000000B6                 ENDP
  431 000000B6         
  433 000000B6         CTIMER2_IRQHandler
                               PROC
  434 000000B6                 EXPORT           CTIMER2_IRQHandler        [WEAK
]
  435 000000B6 483F            LDR              R0, =CTIMER2_DriverIRQHandler
  436 000000B8 4700            BX               R0
  437 000000BA                 ENDP
  438 000000BA         
  440 000000BA         CTIMER4_IRQHandler
                               PROC
  441 000000BA                 EXPORT           CTIMER4_IRQHandler        [WEAK
]
  442 000000BA 483F            LDR              R0, =CTIMER4_DriverIRQHandler
  443 000000BC 4700            BX               R0
  444 000000BE                 ENDP
  445 000000BE         
  447 000000BE         OS_EVENT_IRQHandler
                               PROC
  448 000000BE                 EXPORT           OS_EVENT_IRQHandler        [WEA
K]
  449 000000BE 483F            LDR              R0, =OS_EVENT_DriverIRQHandler
  450 000000C0 4700            BX               R0
  451 000000C2                 ENDP
  452 000000C2         
  454 000000C2         Reserved55_IRQHandler
                               PROC
  455 000000C2                 EXPORT           Reserved55_IRQHandler        [W
EAK]
  456 000000C2 483F            LDR              R0, =Reserved55_DriverIRQHandle
r
  457 000000C4 4700            BX               R0
  458 000000C6                 ENDP
  459 000000C6         
  461 000000C6         Reserved56_IRQHandler
                               PROC
  462 000000C6                 EXPORT           Reserved56_IRQHandler        [W
EAK]
  463 000000C6 483F            LDR              R0, =Reserved56_DriverIRQHandle
r
  464 000000C8 4700            BX               R0
  465 000000CA                 ENDP
  466 000000CA         
  468 000000CA         Reserved57_IRQHandler
                               PROC
  469 000000CA                 EXPORT           Reserved57_IRQHandler        [W
EAK]
  470 000000CA 483F            LDR              R0, =Reserved57_DriverIRQHandle
r



ARM Macro Assembler    Page 12 


  471 000000CC 4700            BX               R0
  472 000000CE                 ENDP
  473 000000CE         
  475 000000CE         SDIO_IRQHandler
                               PROC
  476 000000CE                 EXPORT           SDIO_IRQHandler        [WEAK]
  477 000000CE 483F            LDR              R0, =SDIO_DriverIRQHandler
  478 000000D0 4700            BX               R0
  479 000000D2                 ENDP
  480 000000D2         
  482 000000D2         Reserved59_IRQHandler
                               PROC
  483 000000D2                 EXPORT           Reserved59_IRQHandler        [W
EAK]
  484 000000D2 483F            LDR              R0, =Reserved59_DriverIRQHandle
r
  485 000000D4 4700            BX               R0
  486 000000D6                 ENDP
  487 000000D6         
  489 000000D6         Reserved60_IRQHandler
                               PROC
  490 000000D6                 EXPORT           Reserved60_IRQHandler        [W
EAK]
  491 000000D6 483F            LDR              R0, =Reserved60_DriverIRQHandle
r
  492 000000D8 4700            BX               R0
  493 000000DA                 ENDP
  494 000000DA         
  496 000000DA         Reserved61_IRQHandler
                               PROC
  497 000000DA                 EXPORT           Reserved61_IRQHandler        [W
EAK]
  498 000000DA 483F            LDR              R0, =Reserved61_DriverIRQHandle
r
  499 000000DC 4700            BX               R0
  500 000000DE                 ENDP
  501 000000DE         
  503 000000DE         USB1_UTMI_IRQHandler
                               PROC
  504 000000DE                 EXPORT           USB1_UTMI_IRQHandler        [WE
AK]
  505 000000DE 483F            LDR              R0, =USB1_UTMI_DriverIRQHandler
  506 000000E0 4700            BX               R0
  507 000000E2                 ENDP
  508 000000E2         
  510 000000E2         USB1_IRQHandler
                               PROC
  511 000000E2                 EXPORT           USB1_IRQHandler        [WEAK]
  512 000000E2 483F            LDR              R0, =USB1_DriverIRQHandler
  513 000000E4 4700            BX               R0
  514 000000E6                 ENDP
  515 000000E6         
  517 000000E6         USB1_NEEDCLK_IRQHandler
                               PROC
  518 000000E6                 EXPORT           USB1_NEEDCLK_IRQHandler        
[WEAK]
  519 000000E6 483F            LDR              R0, =USB1_NEEDCLK_DriverIRQHand
ler
  520 000000E8 4700            BX               R0



ARM Macro Assembler    Page 13 


  521 000000EA                 ENDP
  522 000000EA         
  524 000000EA         SEC_HYPERVISOR_CALL_IRQHandler
                               PROC
  525 000000EA                 EXPORT           SEC_HYPERVISOR_CALL_IRQHandler 
       [WEAK]
  526 000000EA 483F            LDR              R0, =SEC_HYPERVISOR_CALL_Driver
IRQHandler
  527 000000EC 4700            BX               R0
  528 000000EE                 ENDP
  529 000000EE         
  531 000000EE         SEC_GPIO_INT0_IRQ0_IRQHandler
                               PROC
  532 000000EE                 EXPORT           SEC_GPIO_INT0_IRQ0_IRQHandler  
      [WEAK]
  533 000000EE 483F            LDR              R0, =SEC_GPIO_INT0_IRQ0_DriverI
RQHandler
  534 000000F0 4700            BX               R0
  535 000000F2                 ENDP
  536 000000F2         
  538 000000F2         SEC_GPIO_INT0_IRQ1_IRQHandler
                               PROC
  539 000000F2                 EXPORT           SEC_GPIO_INT0_IRQ1_IRQHandler  
      [WEAK]
  540 000000F2 483F            LDR              R0, =SEC_GPIO_INT0_IRQ1_DriverI
RQHandler
  541 000000F4 4700            BX               R0
  542 000000F6                 ENDP
  543 000000F6         
  545 000000F6         PLU_IRQHandler
                               PROC
  546 000000F6                 EXPORT           PLU_IRQHandler        [WEAK]
  547 000000F6 483F            LDR              R0, =PLU_DriverIRQHandler
  548 000000F8 4700            BX               R0
  549 000000FA                 ENDP
  550 000000FA         
  552 000000FA         SEC_VIO_IRQHandler
                               PROC
  553 000000FA                 EXPORT           SEC_VIO_IRQHandler        [WEAK
]
  554 000000FA 483F            LDR              R0, =SEC_VIO_DriverIRQHandler
  555 000000FC 4700            BX               R0
  556 000000FE                 ENDP
  557 000000FE         
  559 000000FE         HASHCRYPT_IRQHandler
                               PROC
  560 000000FE                 EXPORT           HASHCRYPT_IRQHandler        [WE
AK]
  561 000000FE 483F            LDR              R0, =HASHCRYPT_DriverIRQHandler
  562 00000100 4700            BX               R0
  563 00000102                 ENDP
  564 00000102         
  566 00000102         CASER_IRQHandler
                               PROC
  567 00000102                 EXPORT           CASER_IRQHandler        [WEAK]
  568 00000102 483F            LDR              R0, =CASER_DriverIRQHandler
  569 00000104 4700            BX               R0
  570 00000106                 ENDP
  571 00000106         



ARM Macro Assembler    Page 14 


  573 00000106         PUF_IRQHandler
                               PROC
  574 00000106                 EXPORT           PUF_IRQHandler        [WEAK]
  575 00000106 483F            LDR              R0, =PUF_DriverIRQHandler
  576 00000108 4700            BX               R0
  577 0000010A                 ENDP
  578 0000010A         
  580 0000010A         PQ_IRQHandler
                               PROC
  581 0000010A                 EXPORT           PQ_IRQHandler        [WEAK]
  582 0000010A 483F            LDR              R0, =PQ_DriverIRQHandler
  583 0000010C 4700            BX               R0
  584 0000010E                 ENDP
  585 0000010E         
  587 0000010E         DMA1_IRQHandler
                               PROC
  588 0000010E                 EXPORT           DMA1_IRQHandler        [WEAK]
  589 0000010E 483F            LDR              R0, =DMA1_DriverIRQHandler
  590 00000110 4700            BX               R0
  591 00000112                 ENDP
  592 00000112         
  594 00000112         FLEXCOMM8_IRQHandler
                               PROC
  595 00000112                 EXPORT           FLEXCOMM8_IRQHandler        [WE
AK]
  596 00000112 483F            LDR              R0, =FLEXCOMM8_DriverIRQHandler
  597 00000114 4700            BX               R0
  598 00000116                 ENDP
  599 00000116         
  600 00000116         Default_Handler
                               PROC
  601 00000116                 EXPORT           WDT_BOD_DriverIRQHandler       
 [WEAK]
  602 00000116                 EXPORT           DMA0_DriverIRQHandler        [W
EAK]
  603 00000116                 EXPORT           GINT0_DriverIRQHandler        [
WEAK]
  604 00000116                 EXPORT           GINT1_DriverIRQHandler        [
WEAK]
  605 00000116                 EXPORT           PIN_INT0_DriverIRQHandler      
  [WEAK]
  606 00000116                 EXPORT           PIN_INT1_DriverIRQHandler      
  [WEAK]
  607 00000116                 EXPORT           PIN_INT2_DriverIRQHandler      
  [WEAK]
  608 00000116                 EXPORT           PIN_INT3_DriverIRQHandler      
  [WEAK]
  609 00000116                 EXPORT           UTICK0_DriverIRQHandler        
[WEAK]
  610 00000116                 EXPORT           MRT0_DriverIRQHandler        [W
EAK]
  611 00000116                 EXPORT           CTIMER0_DriverIRQHandler       
 [WEAK]
  612 00000116                 EXPORT           CTIMER1_DriverIRQHandler       
 [WEAK]
  613 00000116                 EXPORT           SCT0_DriverIRQHandler        [W
EAK]
  614 00000116                 EXPORT           CTIMER3_DriverIRQHandler       
 [WEAK]



ARM Macro Assembler    Page 15 


  615 00000116                 EXPORT           FLEXCOMM0_DriverIRQHandler     
   [WEAK]
  616 00000116                 EXPORT           FLEXCOMM1_DriverIRQHandler     
   [WEAK]
  617 00000116                 EXPORT           FLEXCOMM2_DriverIRQHandler     
   [WEAK]
  618 00000116                 EXPORT           FLEXCOMM3_DriverIRQHandler     
   [WEAK]
  619 00000116                 EXPORT           FLEXCOMM4_DriverIRQHandler     
   [WEAK]
  620 00000116                 EXPORT           FLEXCOMM5_DriverIRQHandler     
   [WEAK]
  621 00000116                 EXPORT           FLEXCOMM6_DriverIRQHandler     
   [WEAK]
  622 00000116                 EXPORT           FLEXCOMM7_DriverIRQHandler     
   [WEAK]
  623 00000116                 EXPORT           ADC0_DriverIRQHandler        [W
EAK]
  624 00000116                 EXPORT           Reserved39_DriverIRQHandler    
    [WEAK]
  625 00000116                 EXPORT           ACMP_DriverIRQHandler        [W
EAK]
  626 00000116                 EXPORT           Reserved41_DriverIRQHandler    
    [WEAK]
  627 00000116                 EXPORT           Reserved42_DriverIRQHandler    
    [WEAK]
  628 00000116                 EXPORT           USB0_NEEDCLK_DriverIRQHandler  
      [WEAK]
  629 00000116                 EXPORT           USB0_DriverIRQHandler        [W
EAK]
  630 00000116                 EXPORT           RTC_DriverIRQHandler        [WE
AK]
  631 00000116                 EXPORT           Reserved46_DriverIRQHandler    
    [WEAK]
  632 00000116                 EXPORT           MAILBOX_DriverIRQHandler       
 [WEAK]
  633 00000116                 EXPORT           PIN_INT4_DriverIRQHandler      
  [WEAK]
  634 00000116                 EXPORT           PIN_INT5_DriverIRQHandler      
  [WEAK]
  635 00000116                 EXPORT           PIN_INT6_DriverIRQHandler      
  [WEAK]
  636 00000116                 EXPORT           PIN_INT7_DriverIRQHandler      
  [WEAK]
  637 00000116                 EXPORT           CTIMER2_DriverIRQHandler       
 [WEAK]
  638 00000116                 EXPORT           CTIMER4_DriverIRQHandler       
 [WEAK]
  639 00000116                 EXPORT           OS_EVENT_DriverIRQHandler      
  [WEAK]
  640 00000116                 EXPORT           Reserved55_DriverIRQHandler    
    [WEAK]
  641 00000116                 EXPORT           Reserved56_DriverIRQHandler    
    [WEAK]
  642 00000116                 EXPORT           Reserved57_DriverIRQHandler    
    [WEAK]
  643 00000116                 EXPORT           SDIO_DriverIRQHandler        [W
EAK]
  644 00000116                 EXPORT           Reserved59_DriverIRQHandler    



ARM Macro Assembler    Page 16 


    [WEAK]
  645 00000116                 EXPORT           Reserved60_DriverIRQHandler    
    [WEAK]
  646 00000116                 EXPORT           Reserved61_DriverIRQHandler    
    [WEAK]
  647 00000116                 EXPORT           USB1_UTMI_DriverIRQHandler     
   [WEAK]
  648 00000116                 EXPORT           USB1_DriverIRQHandler        [W
EAK]
  649 00000116                 EXPORT           USB1_NEEDCLK_DriverIRQHandler  
      [WEAK]
  650 00000116                 EXPORT           SEC_HYPERVISOR_CALL_DriverIRQHa
ndler        [WEAK]
  651 00000116                 EXPORT           SEC_GPIO_INT0_IRQ0_DriverIRQHan
dler        [WEAK]
  652 00000116                 EXPORT           SEC_GPIO_INT0_IRQ1_DriverIRQHan
dler        [WEAK]
  653 00000116                 EXPORT           PLU_DriverIRQHandler        [WE
AK]
  654 00000116                 EXPORT           SEC_VIO_DriverIRQHandler       
 [WEAK]
  655 00000116                 EXPORT           HASHCRYPT_DriverIRQHandler     
   [WEAK]
  656 00000116                 EXPORT           CASER_DriverIRQHandler        [
WEAK]
  657 00000116                 EXPORT           PUF_DriverIRQHandler        [WE
AK]
  658 00000116                 EXPORT           PQ_DriverIRQHandler        [WEA
K]
  659 00000116                 EXPORT           DMA1_DriverIRQHandler        [W
EAK]
  660 00000116                 EXPORT           FLEXCOMM8_DriverIRQHandler     
   [WEAK]
  661 00000116         
  662 00000116         WDT_BOD_DriverIRQHandler
  663 00000116         DMA0_DriverIRQHandler
  664 00000116         GINT0_DriverIRQHandler
  665 00000116         GINT1_DriverIRQHandler
  666 00000116         PIN_INT0_DriverIRQHandler
  667 00000116         PIN_INT1_DriverIRQHandler
  668 00000116         PIN_INT2_DriverIRQHandler
  669 00000116         PIN_INT3_DriverIRQHandler
  670 00000116         UTICK0_DriverIRQHandler
  671 00000116         MRT0_DriverIRQHandler
  672 00000116         CTIMER0_DriverIRQHandler
  673 00000116         CTIMER1_DriverIRQHandler
  674 00000116         SCT0_DriverIRQHandler
  675 00000116         CTIMER3_DriverIRQHandler
  676 00000116         FLEXCOMM0_DriverIRQHandler
  677 00000116         FLEXCOMM1_DriverIRQHandler
  678 00000116         FLEXCOMM2_DriverIRQHandler
  679 00000116         FLEXCOMM3_DriverIRQHandler
  680 00000116         FLEXCOMM4_DriverIRQHandler
  681 00000116         FLEXCOMM5_DriverIRQHandler
  682 00000116         FLEXCOMM6_DriverIRQHandler
  683 00000116         FLEXCOMM7_DriverIRQHandler
  684 00000116         ADC0_DriverIRQHandler
  685 00000116         Reserved39_DriverIRQHandler
  686 00000116         ACMP_DriverIRQHandler



ARM Macro Assembler    Page 17 


  687 00000116         Reserved41_DriverIRQHandler
  688 00000116         Reserved42_DriverIRQHandler
  689 00000116         USB0_NEEDCLK_DriverIRQHandler
  690 00000116         USB0_DriverIRQHandler
  691 00000116         RTC_DriverIRQHandler
  692 00000116         Reserved46_DriverIRQHandler
  693 00000116         MAILBOX_DriverIRQHandler
  694 00000116         PIN_INT4_DriverIRQHandler
  695 00000116         PIN_INT5_DriverIRQHandler
  696 00000116         PIN_INT6_DriverIRQHandler
  697 00000116         PIN_INT7_DriverIRQHandler
  698 00000116         CTIMER2_DriverIRQHandler
  699 00000116         CTIMER4_DriverIRQHandler
  700 00000116         OS_EVENT_DriverIRQHandler
  701 00000116         Reserved55_DriverIRQHandler
  702 00000116         Reserved56_DriverIRQHandler
  703 00000116         Reserved57_DriverIRQHandler
  704 00000116         SDIO_DriverIRQHandler
  705 00000116         Reserved59_DriverIRQHandler
  706 00000116         Reserved60_DriverIRQHandler
  707 00000116         Reserved61_DriverIRQHandler
  708 00000116         USB1_UTMI_DriverIRQHandler
  709 00000116         USB1_DriverIRQHandler
  710 00000116         USB1_NEEDCLK_DriverIRQHandler
  711 00000116         SEC_HYPERVISOR_CALL_DriverIRQHandler
  712 00000116         SEC_GPIO_INT0_IRQ0_DriverIRQHandler
  713 00000116         SEC_GPIO_INT0_IRQ1_DriverIRQHandler
  714 00000116         PLU_DriverIRQHandler
  715 00000116         SEC_VIO_DriverIRQHandler
  716 00000116         HASHCRYPT_DriverIRQHandler
  717 00000116         CASER_DriverIRQHandler
  718 00000116         PUF_DriverIRQHandler
  719 00000116         PQ_DriverIRQHandler
  720 00000116         DMA1_DriverIRQHandler
  721 00000116         FLEXCOMM8_DriverIRQHandler
  722 00000116         
  723 00000116 E7FE            B                .
  724 00000118         
  725 00000118                 ENDP
  726 00000118         
  727 00000118         
  728 00000118                 ALIGN
  729 00000118         
  730 00000118         
  731 00000118                 END
              00000000 
              00000000 
              00000000 
              00000000 
              00000000 
              00000000 
              00000000 
              00000000 
              00000000 
              00000000 
              00000000 
              00000000 
              00000000 
              00000000 



ARM Macro Assembler    Page 18 


              00000000 
              00000000 
              00000000 
              00000000 
              00000000 
              00000000 
              00000000 
              00000000 
              00000000 
              00000000 
              00000000 
              00000000 
              00000000 
              00000000 
              00000000 
              00000000 
              00000000 
              00000000 
              00000000 
              00000000 
              00000000 
              00000000 
              00000000 
              00000000 
              00000000 
              00000000 
              00000000 
              00000000 
              00000000 
              00000000 
              00000000 
              00000000 
              00000000 
              00000000 
              00000000 
              00000000 
              00000000 
              00000000 
              00000000 
              00000000 
              00000000 
              00000000 
              00000000 
              00000000 
              00000000 
              00000000 
              00000000 
              00000000 
              00000000 
Command Line: --debug --xref --diag_suppress=9931 --cpu=Cortex-M33 --fpu=FPv5-S
P --depend=.\objects\startup_lpc55s69_cm33_core0.d -o.\objects\startup_lpc55s69
_cm33_core0.o -I.\RTE\_Target_1 -IC:\Users\HR\AppData\Local\Arm\Packs\NXP\LPC55
S69_DFP\12.1.0 -IE:\Keil_v5\ARM\CMSIS\Include --predefine="__UVISION_VERSION SE
TA 528" --predefine="CPU_LPC55S69JBD100_cm33_core0 SETA 1" --predefine="CPU_LPC
55S69JBD100_cm33_core0 SETA 1" --predefine="DEBUG SETA 1" --predefine="__CC_ARM
 SETA 1" --predefine="KEIL SETA 1" --predefine="DEBUG SETA 1" --list=.\listings
\startup_lpc55s69_cm33_core0.lst ..\core\startup_LPC55S69_cm33_core0.s



ARM Macro Assembler    Page 1 Alphabetic symbol ordering
Relocatable symbols

RESET 00000000

Symbol: RESET
   Definitions
      At line 23 in file ..\core\startup_LPC55S69_cm33_core0.s
   Uses
      None
Comment: RESET unused
__Vectors 00000000

Symbol: __Vectors
   Definitions
      At line 27 in file ..\core\startup_LPC55S69_cm33_core0.s
   Uses
      At line 24 in file ..\core\startup_LPC55S69_cm33_core0.s
Comment: __Vectors used once
__vector_table_0x1c 0000001C

Symbol: __vector_table_0x1c
   Definitions
      At line 35 in file ..\core\startup_LPC55S69_cm33_core0.s
   Uses
      None
Comment: __vector_table_0x1c unused
3 symbols



ARM Macro Assembler    Page 1 Alphabetic symbol ordering
Relocatable symbols

.text 00000000

Symbol: .text
   Definitions
      At line 109 in file ..\core\startup_LPC55S69_cm33_core0.s
   Uses
      None
Comment: .text unused
ACMP_DriverIRQHandler 00000116

Symbol: ACMP_DriverIRQHandler
   Definitions
      At line 686 in file ..\core\startup_LPC55S69_cm33_core0.s
   Uses
      At line 351 in file ..\core\startup_LPC55S69_cm33_core0.s
      At line 625 in file ..\core\startup_LPC55S69_cm33_core0.s

ACMP_IRQHandler 00000086

Symbol: ACMP_IRQHandler
   Definitions
      At line 349 in file ..\core\startup_LPC55S69_cm33_core0.s
   Uses
      At line 71 in file ..\core\startup_LPC55S69_cm33_core0.s
      At line 350 in file ..\core\startup_LPC55S69_cm33_core0.s

ADC0_DriverIRQHandler 00000116

Symbol: ADC0_DriverIRQHandler
   Definitions
      At line 684 in file ..\core\startup_LPC55S69_cm33_core0.s
   Uses
      At line 337 in file ..\core\startup_LPC55S69_cm33_core0.s
      At line 623 in file ..\core\startup_LPC55S69_cm33_core0.s

ADC0_IRQHandler 0000007E

Symbol: ADC0_IRQHandler
   Definitions
      At line 335 in file ..\core\startup_LPC55S69_cm33_core0.s
   Uses
      At line 69 in file ..\core\startup_LPC55S69_cm33_core0.s
      At line 336 in file ..\core\startup_LPC55S69_cm33_core0.s

BusFault_Handler 00000018

Symbol: BusFault_Handler
   Definitions
      At line 145 in file ..\core\startup_LPC55S69_cm33_core0.s
   Uses
      At line 33 in file ..\core\startup_LPC55S69_cm33_core0.s
      At line 146 in file ..\core\startup_LPC55S69_cm33_core0.s

CASER_DriverIRQHandler 00000116

Symbol: CASER_DriverIRQHandler
   Definitions
      At line 717 in file ..\core\startup_LPC55S69_cm33_core0.s
   Uses



ARM Macro Assembler    Page 2 Alphabetic symbol ordering
Relocatable symbols

      At line 568 in file ..\core\startup_LPC55S69_cm33_core0.s
      At line 656 in file ..\core\startup_LPC55S69_cm33_core0.s

CASER_IRQHandler 00000102

Symbol: CASER_IRQHandler
   Definitions
      At line 566 in file ..\core\startup_LPC55S69_cm33_core0.s
   Uses
      At line 102 in file ..\core\startup_LPC55S69_cm33_core0.s
      At line 567 in file ..\core\startup_LPC55S69_cm33_core0.s

CTIMER0_DriverIRQHandler 00000116

Symbol: CTIMER0_DriverIRQHandler
   Definitions
      At line 672 in file ..\core\startup_LPC55S69_cm33_core0.s
   Uses
      At line 253 in file ..\core\startup_LPC55S69_cm33_core0.s
      At line 611 in file ..\core\startup_LPC55S69_cm33_core0.s

CTIMER0_IRQHandler 0000004E

Symbol: CTIMER0_IRQHandler
   Definitions
      At line 251 in file ..\core\startup_LPC55S69_cm33_core0.s
   Uses
      At line 57 in file ..\core\startup_LPC55S69_cm33_core0.s
      At line 252 in file ..\core\startup_LPC55S69_cm33_core0.s

CTIMER1_DriverIRQHandler 00000116

Symbol: CTIMER1_DriverIRQHandler
   Definitions
      At line 673 in file ..\core\startup_LPC55S69_cm33_core0.s
   Uses
      At line 260 in file ..\core\startup_LPC55S69_cm33_core0.s
      At line 612 in file ..\core\startup_LPC55S69_cm33_core0.s

CTIMER1_IRQHandler 00000052

Symbol: CTIMER1_IRQHandler
   Definitions
      At line 258 in file ..\core\startup_LPC55S69_cm33_core0.s
   Uses
      At line 58 in file ..\core\startup_LPC55S69_cm33_core0.s
      At line 259 in file ..\core\startup_LPC55S69_cm33_core0.s

CTIMER2_DriverIRQHandler 00000116

Symbol: CTIMER2_DriverIRQHandler
   Definitions
      At line 698 in file ..\core\startup_LPC55S69_cm33_core0.s
   Uses
      At line 435 in file ..\core\startup_LPC55S69_cm33_core0.s
      At line 637 in file ..\core\startup_LPC55S69_cm33_core0.s

CTIMER2_IRQHandler 000000B6




ARM Macro Assembler    Page 3 Alphabetic symbol ordering
Relocatable symbols

Symbol: CTIMER2_IRQHandler
   Definitions
      At line 433 in file ..\core\startup_LPC55S69_cm33_core0.s
   Uses
      At line 83 in file ..\core\startup_LPC55S69_cm33_core0.s
      At line 434 in file ..\core\startup_LPC55S69_cm33_core0.s

CTIMER3_DriverIRQHandler 00000116

Symbol: CTIMER3_DriverIRQHandler
   Definitions
      At line 675 in file ..\core\startup_LPC55S69_cm33_core0.s
   Uses
      At line 274 in file ..\core\startup_LPC55S69_cm33_core0.s
      At line 614 in file ..\core\startup_LPC55S69_cm33_core0.s

CTIMER3_IRQHandler 0000005A

Symbol: CTIMER3_IRQHandler
   Definitions
      At line 272 in file ..\core\startup_LPC55S69_cm33_core0.s
   Uses
      At line 60 in file ..\core\startup_LPC55S69_cm33_core0.s
      At line 273 in file ..\core\startup_LPC55S69_cm33_core0.s

CTIMER4_DriverIRQHandler 00000116

Symbol: CTIMER4_DriverIRQHandler
   Definitions
      At line 699 in file ..\core\startup_LPC55S69_cm33_core0.s
   Uses
      At line 442 in file ..\core\startup_LPC55S69_cm33_core0.s
      At line 638 in file ..\core\startup_LPC55S69_cm33_core0.s

CTIMER4_IRQHandler 000000BA

Symbol: CTIMER4_IRQHandler
   Definitions
      At line 440 in file ..\core\startup_LPC55S69_cm33_core0.s
   Uses
      At line 84 in file ..\core\startup_LPC55S69_cm33_core0.s
      At line 441 in file ..\core\startup_LPC55S69_cm33_core0.s

DMA0_DriverIRQHandler 00000116

Symbol: DMA0_DriverIRQHandler
   Definitions
      At line 663 in file ..\core\startup_LPC55S69_cm33_core0.s
   Uses
      At line 190 in file ..\core\startup_LPC55S69_cm33_core0.s
      At line 602 in file ..\core\startup_LPC55S69_cm33_core0.s

DMA0_IRQHandler 0000002A

Symbol: DMA0_IRQHandler
   Definitions
      At line 188 in file ..\core\startup_LPC55S69_cm33_core0.s
   Uses
      At line 48 in file ..\core\startup_LPC55S69_cm33_core0.s



ARM Macro Assembler    Page 4 Alphabetic symbol ordering
Relocatable symbols

      At line 189 in file ..\core\startup_LPC55S69_cm33_core0.s

DMA1_DriverIRQHandler 00000116

Symbol: DMA1_DriverIRQHandler
   Definitions
      At line 720 in file ..\core\startup_LPC55S69_cm33_core0.s
   Uses
      At line 589 in file ..\core\startup_LPC55S69_cm33_core0.s
      At line 659 in file ..\core\startup_LPC55S69_cm33_core0.s

DMA1_IRQHandler 0000010E

Symbol: DMA1_IRQHandler
   Definitions
      At line 587 in file ..\core\startup_LPC55S69_cm33_core0.s
   Uses
      At line 105 in file ..\core\startup_LPC55S69_cm33_core0.s
      At line 588 in file ..\core\startup_LPC55S69_cm33_core0.s

DebugMon_Handler 00000020

Symbol: DebugMon_Handler
   Definitions
      At line 165 in file ..\core\startup_LPC55S69_cm33_core0.s
   Uses
      At line 41 in file ..\core\startup_LPC55S69_cm33_core0.s
      At line 166 in file ..\core\startup_LPC55S69_cm33_core0.s

Default_Handler 00000116

Symbol: Default_Handler
   Definitions
      At line 600 in file ..\core\startup_LPC55S69_cm33_core0.s
   Uses
      None
Comment: Default_Handler unused
FLEXCOMM0_DriverIRQHandler 00000116

Symbol: FLEXCOMM0_DriverIRQHandler
   Definitions
      At line 676 in file ..\core\startup_LPC55S69_cm33_core0.s
   Uses
      At line 281 in file ..\core\startup_LPC55S69_cm33_core0.s
      At line 615 in file ..\core\startup_LPC55S69_cm33_core0.s

FLEXCOMM0_IRQHandler 0000005E

Symbol: FLEXCOMM0_IRQHandler
   Definitions
      At line 279 in file ..\core\startup_LPC55S69_cm33_core0.s
   Uses
      At line 61 in file ..\core\startup_LPC55S69_cm33_core0.s
      At line 280 in file ..\core\startup_LPC55S69_cm33_core0.s

FLEXCOMM1_DriverIRQHandler 00000116

Symbol: FLEXCOMM1_DriverIRQHandler
   Definitions



ARM Macro Assembler    Page 5 Alphabetic symbol ordering
Relocatable symbols

      At line 677 in file ..\core\startup_LPC55S69_cm33_core0.s
   Uses
      At line 288 in file ..\core\startup_LPC55S69_cm33_core0.s
      At line 616 in file ..\core\startup_LPC55S69_cm33_core0.s

FLEXCOMM1_IRQHandler 00000062

Symbol: FLEXCOMM1_IRQHandler
   Definitions
      At line 286 in file ..\core\startup_LPC55S69_cm33_core0.s
   Uses
      At line 62 in file ..\core\startup_LPC55S69_cm33_core0.s
      At line 287 in file ..\core\startup_LPC55S69_cm33_core0.s

FLEXCOMM2_DriverIRQHandler 00000116

Symbol: FLEXCOMM2_DriverIRQHandler
   Definitions
      At line 678 in file ..\core\startup_LPC55S69_cm33_core0.s
   Uses
      At line 295 in file ..\core\startup_LPC55S69_cm33_core0.s
      At line 617 in file ..\core\startup_LPC55S69_cm33_core0.s

FLEXCOMM2_IRQHandler 00000066

Symbol: FLEXCOMM2_IRQHandler
   Definitions
      At line 293 in file ..\core\startup_LPC55S69_cm33_core0.s
   Uses
      At line 63 in file ..\core\startup_LPC55S69_cm33_core0.s
      At line 294 in file ..\core\startup_LPC55S69_cm33_core0.s

FLEXCOMM3_DriverIRQHandler 00000116

Symbol: FLEXCOMM3_DriverIRQHandler
   Definitions
      At line 679 in file ..\core\startup_LPC55S69_cm33_core0.s
   Uses
      At line 302 in file ..\core\startup_LPC55S69_cm33_core0.s
      At line 618 in file ..\core\startup_LPC55S69_cm33_core0.s

FLEXCOMM3_IRQHandler 0000006A

Symbol: FLEXCOMM3_IRQHandler
   Definitions
      At line 300 in file ..\core\startup_LPC55S69_cm33_core0.s
   Uses
      At line 64 in file ..\core\startup_LPC55S69_cm33_core0.s
      At line 301 in file ..\core\startup_LPC55S69_cm33_core0.s

FLEXCOMM4_DriverIRQHandler 00000116

Symbol: FLEXCOMM4_DriverIRQHandler
   Definitions
      At line 680 in file ..\core\startup_LPC55S69_cm33_core0.s
   Uses
      At line 309 in file ..\core\startup_LPC55S69_cm33_core0.s
      At line 619 in file ..\core\startup_LPC55S69_cm33_core0.s




ARM Macro Assembler    Page 6 Alphabetic symbol ordering
Relocatable symbols

FLEXCOMM4_IRQHandler 0000006E

Symbol: FLEXCOMM4_IRQHandler
   Definitions
      At line 307 in file ..\core\startup_LPC55S69_cm33_core0.s
   Uses
      At line 65 in file ..\core\startup_LPC55S69_cm33_core0.s
      At line 308 in file ..\core\startup_LPC55S69_cm33_core0.s

FLEXCOMM5_DriverIRQHandler 00000116

Symbol: FLEXCOMM5_DriverIRQHandler
   Definitions
      At line 681 in file ..\core\startup_LPC55S69_cm33_core0.s
   Uses
      At line 316 in file ..\core\startup_LPC55S69_cm33_core0.s
      At line 620 in file ..\core\startup_LPC55S69_cm33_core0.s

FLEXCOMM5_IRQHandler 00000072

Symbol: FLEXCOMM5_IRQHandler
   Definitions
      At line 314 in file ..\core\startup_LPC55S69_cm33_core0.s
   Uses
      At line 66 in file ..\core\startup_LPC55S69_cm33_core0.s
      At line 315 in file ..\core\startup_LPC55S69_cm33_core0.s

FLEXCOMM6_DriverIRQHandler 00000116

Symbol: FLEXCOMM6_DriverIRQHandler
   Definitions
      At line 682 in file ..\core\startup_LPC55S69_cm33_core0.s
   Uses
      At line 323 in file ..\core\startup_LPC55S69_cm33_core0.s
      At line 621 in file ..\core\startup_LPC55S69_cm33_core0.s

FLEXCOMM6_IRQHandler 00000076

Symbol: FLEXCOMM6_IRQHandler
   Definitions
      At line 321 in file ..\core\startup_LPC55S69_cm33_core0.s
   Uses
      At line 67 in file ..\core\startup_LPC55S69_cm33_core0.s
      At line 322 in file ..\core\startup_LPC55S69_cm33_core0.s

FLEXCOMM7_DriverIRQHandler 00000116

Symbol: FLEXCOMM7_DriverIRQHandler
   Definitions
      At line 683 in file ..\core\startup_LPC55S69_cm33_core0.s
   Uses
      At line 330 in file ..\core\startup_LPC55S69_cm33_core0.s
      At line 622 in file ..\core\startup_LPC55S69_cm33_core0.s

FLEXCOMM7_IRQHandler 0000007A

Symbol: FLEXCOMM7_IRQHandler
   Definitions
      At line 328 in file ..\core\startup_LPC55S69_cm33_core0.s



ARM Macro Assembler    Page 7 Alphabetic symbol ordering
Relocatable symbols

   Uses
      At line 68 in file ..\core\startup_LPC55S69_cm33_core0.s
      At line 329 in file ..\core\startup_LPC55S69_cm33_core0.s

FLEXCOMM8_DriverIRQHandler 00000116

Symbol: FLEXCOMM8_DriverIRQHandler
   Definitions
      At line 721 in file ..\core\startup_LPC55S69_cm33_core0.s
   Uses
      At line 596 in file ..\core\startup_LPC55S69_cm33_core0.s
      At line 660 in file ..\core\startup_LPC55S69_cm33_core0.s

FLEXCOMM8_IRQHandler 00000112

Symbol: FLEXCOMM8_IRQHandler
   Definitions
      At line 594 in file ..\core\startup_LPC55S69_cm33_core0.s
   Uses
      At line 106 in file ..\core\startup_LPC55S69_cm33_core0.s
      At line 595 in file ..\core\startup_LPC55S69_cm33_core0.s

GINT0_DriverIRQHandler 00000116

Symbol: GINT0_DriverIRQHandler
   Definitions
      At line 664 in file ..\core\startup_LPC55S69_cm33_core0.s
   Uses
      At line 197 in file ..\core\startup_LPC55S69_cm33_core0.s
      At line 603 in file ..\core\startup_LPC55S69_cm33_core0.s

GINT0_IRQHandler 0000002E

Symbol: GINT0_IRQHandler
   Definitions
      At line 195 in file ..\core\startup_LPC55S69_cm33_core0.s
   Uses
      At line 49 in file ..\core\startup_LPC55S69_cm33_core0.s
      At line 196 in file ..\core\startup_LPC55S69_cm33_core0.s

GINT1_DriverIRQHandler 00000116

Symbol: GINT1_DriverIRQHandler
   Definitions
      At line 665 in file ..\core\startup_LPC55S69_cm33_core0.s
   Uses
      At line 204 in file ..\core\startup_LPC55S69_cm33_core0.s
      At line 604 in file ..\core\startup_LPC55S69_cm33_core0.s

GINT1_IRQHandler 00000032

Symbol: GINT1_IRQHandler
   Definitions
      At line 202 in file ..\core\startup_LPC55S69_cm33_core0.s
   Uses
      At line 50 in file ..\core\startup_LPC55S69_cm33_core0.s
      At line 203 in file ..\core\startup_LPC55S69_cm33_core0.s

HASHCRYPT_DriverIRQHandler 00000116



ARM Macro Assembler    Page 8 Alphabetic symbol ordering
Relocatable symbols


Symbol: HASHCRYPT_DriverIRQHandler
   Definitions
      At line 716 in file ..\core\startup_LPC55S69_cm33_core0.s
   Uses
      At line 561 in file ..\core\startup_LPC55S69_cm33_core0.s
      At line 655 in file ..\core\startup_LPC55S69_cm33_core0.s

HASHCRYPT_IRQHandler 000000FE

Symbol: HASHCRYPT_IRQHandler
   Definitions
      At line 559 in file ..\core\startup_LPC55S69_cm33_core0.s
   Uses
      At line 101 in file ..\core\startup_LPC55S69_cm33_core0.s
      At line 560 in file ..\core\startup_LPC55S69_cm33_core0.s

HardFault_Handler 00000014

Symbol: HardFault_Handler
   Definitions
      At line 135 in file ..\core\startup_LPC55S69_cm33_core0.s
   Uses
      At line 31 in file ..\core\startup_LPC55S69_cm33_core0.s
      At line 136 in file ..\core\startup_LPC55S69_cm33_core0.s

MAILBOX_DriverIRQHandler 00000116

Symbol: MAILBOX_DriverIRQHandler
   Definitions
      At line 693 in file ..\core\startup_LPC55S69_cm33_core0.s
   Uses
      At line 400 in file ..\core\startup_LPC55S69_cm33_core0.s
      At line 632 in file ..\core\startup_LPC55S69_cm33_core0.s

MAILBOX_IRQHandler 000000A2

Symbol: MAILBOX_IRQHandler
   Definitions
      At line 398 in file ..\core\startup_LPC55S69_cm33_core0.s
   Uses
      At line 78 in file ..\core\startup_LPC55S69_cm33_core0.s
      At line 399 in file ..\core\startup_LPC55S69_cm33_core0.s

MRT0_DriverIRQHandler 00000116

Symbol: MRT0_DriverIRQHandler
   Definitions
      At line 671 in file ..\core\startup_LPC55S69_cm33_core0.s
   Uses
      At line 246 in file ..\core\startup_LPC55S69_cm33_core0.s
      At line 610 in file ..\core\startup_LPC55S69_cm33_core0.s

MRT0_IRQHandler 0000004A

Symbol: MRT0_IRQHandler
   Definitions
      At line 244 in file ..\core\startup_LPC55S69_cm33_core0.s
   Uses



ARM Macro Assembler    Page 9 Alphabetic symbol ordering
Relocatable symbols

      At line 56 in file ..\core\startup_LPC55S69_cm33_core0.s
      At line 245 in file ..\core\startup_LPC55S69_cm33_core0.s

MemManage_Handler 00000016

Symbol: MemManage_Handler
   Definitions
      At line 140 in file ..\core\startup_LPC55S69_cm33_core0.s
   Uses
      At line 32 in file ..\core\startup_LPC55S69_cm33_core0.s
      At line 141 in file ..\core\startup_LPC55S69_cm33_core0.s

NMI_Handler 00000012

Symbol: NMI_Handler
   Definitions
      At line 129 in file ..\core\startup_LPC55S69_cm33_core0.s
   Uses
      At line 30 in file ..\core\startup_LPC55S69_cm33_core0.s
      At line 130 in file ..\core\startup_LPC55S69_cm33_core0.s

OS_EVENT_DriverIRQHandler 00000116

Symbol: OS_EVENT_DriverIRQHandler
   Definitions
      At line 700 in file ..\core\startup_LPC55S69_cm33_core0.s
   Uses
      At line 449 in file ..\core\startup_LPC55S69_cm33_core0.s
      At line 639 in file ..\core\startup_LPC55S69_cm33_core0.s

OS_EVENT_IRQHandler 000000BE

Symbol: OS_EVENT_IRQHandler
   Definitions
      At line 447 in file ..\core\startup_LPC55S69_cm33_core0.s
   Uses
      At line 85 in file ..\core\startup_LPC55S69_cm33_core0.s
      At line 448 in file ..\core\startup_LPC55S69_cm33_core0.s

PIN_INT0_DriverIRQHandler 00000116

Symbol: PIN_INT0_DriverIRQHandler
   Definitions
      At line 666 in file ..\core\startup_LPC55S69_cm33_core0.s
   Uses
      At line 211 in file ..\core\startup_LPC55S69_cm33_core0.s
      At line 605 in file ..\core\startup_LPC55S69_cm33_core0.s

PIN_INT0_IRQHandler 00000036

Symbol: PIN_INT0_IRQHandler
   Definitions
      At line 209 in file ..\core\startup_LPC55S69_cm33_core0.s
   Uses
      At line 51 in file ..\core\startup_LPC55S69_cm33_core0.s
      At line 210 in file ..\core\startup_LPC55S69_cm33_core0.s

PIN_INT1_DriverIRQHandler 00000116




ARM Macro Assembler    Page 10 Alphabetic symbol ordering
Relocatable symbols

Symbol: PIN_INT1_DriverIRQHandler
   Definitions
      At line 667 in file ..\core\startup_LPC55S69_cm33_core0.s
   Uses
      At line 218 in file ..\core\startup_LPC55S69_cm33_core0.s
      At line 606 in file ..\core\startup_LPC55S69_cm33_core0.s

PIN_INT1_IRQHandler 0000003A

Symbol: PIN_INT1_IRQHandler
   Definitions
      At line 216 in file ..\core\startup_LPC55S69_cm33_core0.s
   Uses
      At line 52 in file ..\core\startup_LPC55S69_cm33_core0.s
      At line 217 in file ..\core\startup_LPC55S69_cm33_core0.s

PIN_INT2_DriverIRQHandler 00000116

Symbol: PIN_INT2_DriverIRQHandler
   Definitions
      At line 668 in file ..\core\startup_LPC55S69_cm33_core0.s
   Uses
      At line 225 in file ..\core\startup_LPC55S69_cm33_core0.s
      At line 607 in file ..\core\startup_LPC55S69_cm33_core0.s

PIN_INT2_IRQHandler 0000003E

Symbol: PIN_INT2_IRQHandler
   Definitions
      At line 223 in file ..\core\startup_LPC55S69_cm33_core0.s
   Uses
      At line 53 in file ..\core\startup_LPC55S69_cm33_core0.s
      At line 224 in file ..\core\startup_LPC55S69_cm33_core0.s

PIN_INT3_DriverIRQHandler 00000116

Symbol: PIN_INT3_DriverIRQHandler
   Definitions
      At line 669 in file ..\core\startup_LPC55S69_cm33_core0.s
   Uses
      At line 232 in file ..\core\startup_LPC55S69_cm33_core0.s
      At line 608 in file ..\core\startup_LPC55S69_cm33_core0.s

PIN_INT3_IRQHandler 00000042

Symbol: PIN_INT3_IRQHandler
   Definitions
      At line 230 in file ..\core\startup_LPC55S69_cm33_core0.s
   Uses
      At line 54 in file ..\core\startup_LPC55S69_cm33_core0.s
      At line 231 in file ..\core\startup_LPC55S69_cm33_core0.s

PIN_INT4_DriverIRQHandler 00000116

Symbol: PIN_INT4_DriverIRQHandler
   Definitions
      At line 694 in file ..\core\startup_LPC55S69_cm33_core0.s
   Uses
      At line 407 in file ..\core\startup_LPC55S69_cm33_core0.s



ARM Macro Assembler    Page 11 Alphabetic symbol ordering
Relocatable symbols

      At line 633 in file ..\core\startup_LPC55S69_cm33_core0.s

PIN_INT4_IRQHandler 000000A6

Symbol: PIN_INT4_IRQHandler
   Definitions
      At line 405 in file ..\core\startup_LPC55S69_cm33_core0.s
   Uses
      At line 79 in file ..\core\startup_LPC55S69_cm33_core0.s
      At line 406 in file ..\core\startup_LPC55S69_cm33_core0.s

PIN_INT5_DriverIRQHandler 00000116

Symbol: PIN_INT5_DriverIRQHandler
   Definitions
      At line 695 in file ..\core\startup_LPC55S69_cm33_core0.s
   Uses
      At line 414 in file ..\core\startup_LPC55S69_cm33_core0.s
      At line 634 in file ..\core\startup_LPC55S69_cm33_core0.s

PIN_INT5_IRQHandler 000000AA

Symbol: PIN_INT5_IRQHandler
   Definitions
      At line 412 in file ..\core\startup_LPC55S69_cm33_core0.s
   Uses
      At line 80 in file ..\core\startup_LPC55S69_cm33_core0.s
      At line 413 in file ..\core\startup_LPC55S69_cm33_core0.s

PIN_INT6_DriverIRQHandler 00000116

Symbol: PIN_INT6_DriverIRQHandler
   Definitions
      At line 696 in file ..\core\startup_LPC55S69_cm33_core0.s
   Uses
      At line 421 in file ..\core\startup_LPC55S69_cm33_core0.s
      At line 635 in file ..\core\startup_LPC55S69_cm33_core0.s

PIN_INT6_IRQHandler 000000AE

Symbol: PIN_INT6_IRQHandler
   Definitions
      At line 419 in file ..\core\startup_LPC55S69_cm33_core0.s
   Uses
      At line 81 in file ..\core\startup_LPC55S69_cm33_core0.s
      At line 420 in file ..\core\startup_LPC55S69_cm33_core0.s

PIN_INT7_DriverIRQHandler 00000116

Symbol: PIN_INT7_DriverIRQHandler
   Definitions
      At line 697 in file ..\core\startup_LPC55S69_cm33_core0.s
   Uses
      At line 428 in file ..\core\startup_LPC55S69_cm33_core0.s
      At line 636 in file ..\core\startup_LPC55S69_cm33_core0.s

PIN_INT7_IRQHandler 000000B2

Symbol: PIN_INT7_IRQHandler



ARM Macro Assembler    Page 12 Alphabetic symbol ordering
Relocatable symbols

   Definitions
      At line 426 in file ..\core\startup_LPC55S69_cm33_core0.s
   Uses
      At line 82 in file ..\core\startup_LPC55S69_cm33_core0.s
      At line 427 in file ..\core\startup_LPC55S69_cm33_core0.s

PLU_DriverIRQHandler 00000116

Symbol: PLU_DriverIRQHandler
   Definitions
      At line 714 in file ..\core\startup_LPC55S69_cm33_core0.s
   Uses
      At line 547 in file ..\core\startup_LPC55S69_cm33_core0.s
      At line 653 in file ..\core\startup_LPC55S69_cm33_core0.s

PLU_IRQHandler 000000F6

Symbol: PLU_IRQHandler
   Definitions
      At line 545 in file ..\core\startup_LPC55S69_cm33_core0.s
   Uses
      At line 99 in file ..\core\startup_LPC55S69_cm33_core0.s
      At line 546 in file ..\core\startup_LPC55S69_cm33_core0.s

PQ_DriverIRQHandler 00000116

Symbol: PQ_DriverIRQHandler
   Definitions
      At line 719 in file ..\core\startup_LPC55S69_cm33_core0.s
   Uses
      At line 582 in file ..\core\startup_LPC55S69_cm33_core0.s
      At line 658 in file ..\core\startup_LPC55S69_cm33_core0.s

PQ_IRQHandler 0000010A

Symbol: PQ_IRQHandler
   Definitions
      At line 580 in file ..\core\startup_LPC55S69_cm33_core0.s
   Uses
      At line 104 in file ..\core\startup_LPC55S69_cm33_core0.s
      At line 581 in file ..\core\startup_LPC55S69_cm33_core0.s

PUF_DriverIRQHandler 00000116

Symbol: PUF_DriverIRQHandler
   Definitions
      At line 718 in file ..\core\startup_LPC55S69_cm33_core0.s
   Uses
      At line 575 in file ..\core\startup_LPC55S69_cm33_core0.s
      At line 657 in file ..\core\startup_LPC55S69_cm33_core0.s

PUF_IRQHandler 00000106

Symbol: PUF_IRQHandler
   Definitions
      At line 573 in file ..\core\startup_LPC55S69_cm33_core0.s
   Uses
      At line 103 in file ..\core\startup_LPC55S69_cm33_core0.s
      At line 574 in file ..\core\startup_LPC55S69_cm33_core0.s



ARM Macro Assembler    Page 13 Alphabetic symbol ordering
Relocatable symbols


PendSV_Handler 00000022

Symbol: PendSV_Handler
   Definitions
      At line 170 in file ..\core\startup_LPC55S69_cm33_core0.s
   Uses
      At line 43 in file ..\core\startup_LPC55S69_cm33_core0.s
      At line 171 in file ..\core\startup_LPC55S69_cm33_core0.s

RTC_DriverIRQHandler 00000116

Symbol: RTC_DriverIRQHandler
   Definitions
      At line 691 in file ..\core\startup_LPC55S69_cm33_core0.s
   Uses
      At line 386 in file ..\core\startup_LPC55S69_cm33_core0.s
      At line 630 in file ..\core\startup_LPC55S69_cm33_core0.s

RTC_IRQHandler 0000009A

Symbol: RTC_IRQHandler
   Definitions
      At line 384 in file ..\core\startup_LPC55S69_cm33_core0.s
   Uses
      At line 76 in file ..\core\startup_LPC55S69_cm33_core0.s
      At line 385 in file ..\core\startup_LPC55S69_cm33_core0.s

Reserved39_DriverIRQHandler 00000116

Symbol: Reserved39_DriverIRQHandler
   Definitions
      At line 685 in file ..\core\startup_LPC55S69_cm33_core0.s
   Uses
      At line 344 in file ..\core\startup_LPC55S69_cm33_core0.s
      At line 624 in file ..\core\startup_LPC55S69_cm33_core0.s

Reserved39_IRQHandler 00000082

Symbol: Reserved39_IRQHandler
   Definitions
      At line 342 in file ..\core\startup_LPC55S69_cm33_core0.s
   Uses
      At line 70 in file ..\core\startup_LPC55S69_cm33_core0.s
      At line 343 in file ..\core\startup_LPC55S69_cm33_core0.s

Reserved41_DriverIRQHandler 00000116

Symbol: Reserved41_DriverIRQHandler
   Definitions
      At line 687 in file ..\core\startup_LPC55S69_cm33_core0.s
   Uses
      At line 358 in file ..\core\startup_LPC55S69_cm33_core0.s
      At line 626 in file ..\core\startup_LPC55S69_cm33_core0.s

Reserved41_IRQHandler 0000008A

Symbol: Reserved41_IRQHandler
   Definitions



ARM Macro Assembler    Page 14 Alphabetic symbol ordering
Relocatable symbols

      At line 356 in file ..\core\startup_LPC55S69_cm33_core0.s
   Uses
      At line 72 in file ..\core\startup_LPC55S69_cm33_core0.s
      At line 357 in file ..\core\startup_LPC55S69_cm33_core0.s

Reserved42_DriverIRQHandler 00000116

Symbol: Reserved42_DriverIRQHandler
   Definitions
      At line 688 in file ..\core\startup_LPC55S69_cm33_core0.s
   Uses
      At line 365 in file ..\core\startup_LPC55S69_cm33_core0.s
      At line 627 in file ..\core\startup_LPC55S69_cm33_core0.s

Reserved42_IRQHandler 0000008E

Symbol: Reserved42_IRQHandler
   Definitions
      At line 363 in file ..\core\startup_LPC55S69_cm33_core0.s
   Uses
      At line 73 in file ..\core\startup_LPC55S69_cm33_core0.s
      At line 364 in file ..\core\startup_LPC55S69_cm33_core0.s

Reserved46_DriverIRQHandler 00000116

Symbol: Reserved46_DriverIRQHandler
   Definitions
      At line 692 in file ..\core\startup_LPC55S69_cm33_core0.s
   Uses
      At line 393 in file ..\core\startup_LPC55S69_cm33_core0.s
      At line 631 in file ..\core\startup_LPC55S69_cm33_core0.s

Reserved46_IRQHandler 0000009E

Symbol: Reserved46_IRQHandler
   Definitions
      At line 391 in file ..\core\startup_LPC55S69_cm33_core0.s
   Uses
      At line 77 in file ..\core\startup_LPC55S69_cm33_core0.s
      At line 392 in file ..\core\startup_LPC55S69_cm33_core0.s

Reserved55_DriverIRQHandler 00000116

Symbol: Reserved55_DriverIRQHandler
   Definitions
      At line 701 in file ..\core\startup_LPC55S69_cm33_core0.s
   Uses
      At line 456 in file ..\core\startup_LPC55S69_cm33_core0.s
      At line 640 in file ..\core\startup_LPC55S69_cm33_core0.s

Reserved55_IRQHandler 000000C2

Symbol: Reserved55_IRQHandler
   Definitions
      At line 454 in file ..\core\startup_LPC55S69_cm33_core0.s
   Uses
      At line 86 in file ..\core\startup_LPC55S69_cm33_core0.s
      At line 455 in file ..\core\startup_LPC55S69_cm33_core0.s




ARM Macro Assembler    Page 15 Alphabetic symbol ordering
Relocatable symbols

Reserved56_DriverIRQHandler 00000116

Symbol: Reserved56_DriverIRQHandler
   Definitions
      At line 702 in file ..\core\startup_LPC55S69_cm33_core0.s
   Uses
      At line 463 in file ..\core\startup_LPC55S69_cm33_core0.s
      At line 641 in file ..\core\startup_LPC55S69_cm33_core0.s

Reserved56_IRQHandler 000000C6

Symbol: Reserved56_IRQHandler
   Definitions
      At line 461 in file ..\core\startup_LPC55S69_cm33_core0.s
   Uses
      At line 87 in file ..\core\startup_LPC55S69_cm33_core0.s
      At line 462 in file ..\core\startup_LPC55S69_cm33_core0.s

Reserved57_DriverIRQHandler 00000116

Symbol: Reserved57_DriverIRQHandler
   Definitions
      At line 703 in file ..\core\startup_LPC55S69_cm33_core0.s
   Uses
      At line 470 in file ..\core\startup_LPC55S69_cm33_core0.s
      At line 642 in file ..\core\startup_LPC55S69_cm33_core0.s

Reserved57_IRQHandler 000000CA

Symbol: Reserved57_IRQHandler
   Definitions
      At line 468 in file ..\core\startup_LPC55S69_cm33_core0.s
   Uses
      At line 88 in file ..\core\startup_LPC55S69_cm33_core0.s
      At line 469 in file ..\core\startup_LPC55S69_cm33_core0.s

Reserved59_DriverIRQHandler 00000116

Symbol: Reserved59_DriverIRQHandler
   Definitions
      At line 705 in file ..\core\startup_LPC55S69_cm33_core0.s
   Uses
      At line 484 in file ..\core\startup_LPC55S69_cm33_core0.s
      At line 644 in file ..\core\startup_LPC55S69_cm33_core0.s

Reserved59_IRQHandler 000000D2

Symbol: Reserved59_IRQHandler
   Definitions
      At line 482 in file ..\core\startup_LPC55S69_cm33_core0.s
   Uses
      At line 90 in file ..\core\startup_LPC55S69_cm33_core0.s
      At line 483 in file ..\core\startup_LPC55S69_cm33_core0.s

Reserved60_DriverIRQHandler 00000116

Symbol: Reserved60_DriverIRQHandler
   Definitions
      At line 706 in file ..\core\startup_LPC55S69_cm33_core0.s



ARM Macro Assembler    Page 16 Alphabetic symbol ordering
Relocatable symbols

   Uses
      At line 491 in file ..\core\startup_LPC55S69_cm33_core0.s
      At line 645 in file ..\core\startup_LPC55S69_cm33_core0.s

Reserved60_IRQHandler 000000D6

Symbol: Reserved60_IRQHandler
   Definitions
      At line 489 in file ..\core\startup_LPC55S69_cm33_core0.s
   Uses
      At line 91 in file ..\core\startup_LPC55S69_cm33_core0.s
      At line 490 in file ..\core\startup_LPC55S69_cm33_core0.s

Reserved61_DriverIRQHandler 00000116

Symbol: Reserved61_DriverIRQHandler
   Definitions
      At line 707 in file ..\core\startup_LPC55S69_cm33_core0.s
   Uses
      At line 498 in file ..\core\startup_LPC55S69_cm33_core0.s
      At line 646 in file ..\core\startup_LPC55S69_cm33_core0.s

Reserved61_IRQHandler 000000DA

Symbol: Reserved61_IRQHandler
   Definitions
      At line 496 in file ..\core\startup_LPC55S69_cm33_core0.s
   Uses
      At line 92 in file ..\core\startup_LPC55S69_cm33_core0.s
      At line 497 in file ..\core\startup_LPC55S69_cm33_core0.s

Reset_Handler 00000000

Symbol: Reset_Handler
   Definitions
      At line 112 in file ..\core\startup_LPC55S69_cm33_core0.s
   Uses
      At line 28 in file ..\core\startup_LPC55S69_cm33_core0.s
      At line 113 in file ..\core\startup_LPC55S69_cm33_core0.s

SCT0_DriverIRQHandler 00000116

Symbol: SCT0_DriverIRQHandler
   Definitions
      At line 674 in file ..\core\startup_LPC55S69_cm33_core0.s
   Uses
      At line 267 in file ..\core\startup_LPC55S69_cm33_core0.s
      At line 613 in file ..\core\startup_LPC55S69_cm33_core0.s

SCT0_IRQHandler 00000056

Symbol: SCT0_IRQHandler
   Definitions
      At line 265 in file ..\core\startup_LPC55S69_cm33_core0.s
   Uses
      At line 59 in file ..\core\startup_LPC55S69_cm33_core0.s
      At line 266 in file ..\core\startup_LPC55S69_cm33_core0.s

SDIO_DriverIRQHandler 00000116



ARM Macro Assembler    Page 17 Alphabetic symbol ordering
Relocatable symbols


Symbol: SDIO_DriverIRQHandler
   Definitions
      At line 704 in file ..\core\startup_LPC55S69_cm33_core0.s
   Uses
      At line 477 in file ..\core\startup_LPC55S69_cm33_core0.s
      At line 643 in file ..\core\startup_LPC55S69_cm33_core0.s

SDIO_IRQHandler 000000CE

Symbol: SDIO_IRQHandler
   Definitions
      At line 475 in file ..\core\startup_LPC55S69_cm33_core0.s
   Uses
      At line 89 in file ..\core\startup_LPC55S69_cm33_core0.s
      At line 476 in file ..\core\startup_LPC55S69_cm33_core0.s

SEC_GPIO_INT0_IRQ0_DriverIRQHandler 00000116

Symbol: SEC_GPIO_INT0_IRQ0_DriverIRQHandler
   Definitions
      At line 712 in file ..\core\startup_LPC55S69_cm33_core0.s
   Uses
      At line 533 in file ..\core\startup_LPC55S69_cm33_core0.s
      At line 651 in file ..\core\startup_LPC55S69_cm33_core0.s

SEC_GPIO_INT0_IRQ0_IRQHandler 000000EE

Symbol: SEC_GPIO_INT0_IRQ0_IRQHandler
   Definitions
      At line 531 in file ..\core\startup_LPC55S69_cm33_core0.s
   Uses
      At line 97 in file ..\core\startup_LPC55S69_cm33_core0.s
      At line 532 in file ..\core\startup_LPC55S69_cm33_core0.s

SEC_GPIO_INT0_IRQ1_DriverIRQHandler 00000116

Symbol: SEC_GPIO_INT0_IRQ1_DriverIRQHandler
   Definitions
      At line 713 in file ..\core\startup_LPC55S69_cm33_core0.s
   Uses
      At line 540 in file ..\core\startup_LPC55S69_cm33_core0.s
      At line 652 in file ..\core\startup_LPC55S69_cm33_core0.s

SEC_GPIO_INT0_IRQ1_IRQHandler 000000F2

Symbol: SEC_GPIO_INT0_IRQ1_IRQHandler
   Definitions
      At line 538 in file ..\core\startup_LPC55S69_cm33_core0.s
   Uses
      At line 98 in file ..\core\startup_LPC55S69_cm33_core0.s
      At line 539 in file ..\core\startup_LPC55S69_cm33_core0.s

SEC_HYPERVISOR_CALL_DriverIRQHandler 00000116

Symbol: SEC_HYPERVISOR_CALL_DriverIRQHandler
   Definitions
      At line 711 in file ..\core\startup_LPC55S69_cm33_core0.s
   Uses



ARM Macro Assembler    Page 18 Alphabetic symbol ordering
Relocatable symbols

      At line 526 in file ..\core\startup_LPC55S69_cm33_core0.s
      At line 650 in file ..\core\startup_LPC55S69_cm33_core0.s

SEC_HYPERVISOR_CALL_IRQHandler 000000EA

Symbol: SEC_HYPERVISOR_CALL_IRQHandler
   Definitions
      At line 524 in file ..\core\startup_LPC55S69_cm33_core0.s
   Uses
      At line 96 in file ..\core\startup_LPC55S69_cm33_core0.s
      At line 525 in file ..\core\startup_LPC55S69_cm33_core0.s

SEC_VIO_DriverIRQHandler 00000116

Symbol: SEC_VIO_DriverIRQHandler
   Definitions
      At line 715 in file ..\core\startup_LPC55S69_cm33_core0.s
   Uses
      At line 554 in file ..\core\startup_LPC55S69_cm33_core0.s
      At line 654 in file ..\core\startup_LPC55S69_cm33_core0.s

SEC_VIO_IRQHandler 000000FA

Symbol: SEC_VIO_IRQHandler
   Definitions
      At line 552 in file ..\core\startup_LPC55S69_cm33_core0.s
   Uses
      At line 100 in file ..\core\startup_LPC55S69_cm33_core0.s
      At line 553 in file ..\core\startup_LPC55S69_cm33_core0.s

SVC_Handler 0000001E

Symbol: SVC_Handler
   Definitions
      At line 160 in file ..\core\startup_LPC55S69_cm33_core0.s
   Uses
      At line 40 in file ..\core\startup_LPC55S69_cm33_core0.s
      At line 161 in file ..\core\startup_LPC55S69_cm33_core0.s

SecureFault_Handler 0000001C

Symbol: SecureFault_Handler
   Definitions
      At line 155 in file ..\core\startup_LPC55S69_cm33_core0.s
   Uses
      At line 36 in file ..\core\startup_LPC55S69_cm33_core0.s
      At line 156 in file ..\core\startup_LPC55S69_cm33_core0.s

SysTick_Handler 00000024

Symbol: SysTick_Handler
   Definitions
      At line 175 in file ..\core\startup_LPC55S69_cm33_core0.s
   Uses
      At line 44 in file ..\core\startup_LPC55S69_cm33_core0.s
      At line 176 in file ..\core\startup_LPC55S69_cm33_core0.s

USB0_DriverIRQHandler 00000116




ARM Macro Assembler    Page 19 Alphabetic symbol ordering
Relocatable symbols

Symbol: USB0_DriverIRQHandler
   Definitions
      At line 690 in file ..\core\startup_LPC55S69_cm33_core0.s
   Uses
      At line 379 in file ..\core\startup_LPC55S69_cm33_core0.s
      At line 629 in file ..\core\startup_LPC55S69_cm33_core0.s

USB0_IRQHandler 00000096

Symbol: USB0_IRQHandler
   Definitions
      At line 377 in file ..\core\startup_LPC55S69_cm33_core0.s
   Uses
      At line 75 in file ..\core\startup_LPC55S69_cm33_core0.s
      At line 378 in file ..\core\startup_LPC55S69_cm33_core0.s

USB0_NEEDCLK_DriverIRQHandler 00000116

Symbol: USB0_NEEDCLK_DriverIRQHandler
   Definitions
      At line 689 in file ..\core\startup_LPC55S69_cm33_core0.s
   Uses
      At line 372 in file ..\core\startup_LPC55S69_cm33_core0.s
      At line 628 in file ..\core\startup_LPC55S69_cm33_core0.s

USB0_NEEDCLK_IRQHandler 00000092

Symbol: USB0_NEEDCLK_IRQHandler
   Definitions
      At line 370 in file ..\core\startup_LPC55S69_cm33_core0.s
   Uses
      At line 74 in file ..\core\startup_LPC55S69_cm33_core0.s
      At line 371 in file ..\core\startup_LPC55S69_cm33_core0.s

USB1_DriverIRQHandler 00000116

Symbol: USB1_DriverIRQHandler
   Definitions
      At line 709 in file ..\core\startup_LPC55S69_cm33_core0.s
   Uses
      At line 512 in file ..\core\startup_LPC55S69_cm33_core0.s
      At line 648 in file ..\core\startup_LPC55S69_cm33_core0.s

USB1_IRQHandler 000000E2

Symbol: USB1_IRQHandler
   Definitions
      At line 510 in file ..\core\startup_LPC55S69_cm33_core0.s
   Uses
      At line 94 in file ..\core\startup_LPC55S69_cm33_core0.s
      At line 511 in file ..\core\startup_LPC55S69_cm33_core0.s

USB1_NEEDCLK_DriverIRQHandler 00000116

Symbol: USB1_NEEDCLK_DriverIRQHandler
   Definitions
      At line 710 in file ..\core\startup_LPC55S69_cm33_core0.s
   Uses
      At line 519 in file ..\core\startup_LPC55S69_cm33_core0.s



ARM Macro Assembler    Page 20 Alphabetic symbol ordering
Relocatable symbols

      At line 649 in file ..\core\startup_LPC55S69_cm33_core0.s

USB1_NEEDCLK_IRQHandler 000000E6

Symbol: USB1_NEEDCLK_IRQHandler
   Definitions
      At line 517 in file ..\core\startup_LPC55S69_cm33_core0.s
   Uses
      At line 95 in file ..\core\startup_LPC55S69_cm33_core0.s
      At line 518 in file ..\core\startup_LPC55S69_cm33_core0.s

USB1_UTMI_DriverIRQHandler 00000116

Symbol: USB1_UTMI_DriverIRQHandler
   Definitions
      At line 708 in file ..\core\startup_LPC55S69_cm33_core0.s
   Uses
      At line 505 in file ..\core\startup_LPC55S69_cm33_core0.s
      At line 647 in file ..\core\startup_LPC55S69_cm33_core0.s

USB1_UTMI_IRQHandler 000000DE

Symbol: USB1_UTMI_IRQHandler
   Definitions
      At line 503 in file ..\core\startup_LPC55S69_cm33_core0.s
   Uses
      At line 93 in file ..\core\startup_LPC55S69_cm33_core0.s
      At line 504 in file ..\core\startup_LPC55S69_cm33_core0.s

UTICK0_DriverIRQHandler 00000116

Symbol: UTICK0_DriverIRQHandler
   Definitions
      At line 670 in file ..\core\startup_LPC55S69_cm33_core0.s
   Uses
      At line 239 in file ..\core\startup_LPC55S69_cm33_core0.s
      At line 609 in file ..\core\startup_LPC55S69_cm33_core0.s

UTICK0_IRQHandler 00000046

Symbol: UTICK0_IRQHandler
   Definitions
      At line 237 in file ..\core\startup_LPC55S69_cm33_core0.s
   Uses
      At line 55 in file ..\core\startup_LPC55S69_cm33_core0.s
      At line 238 in file ..\core\startup_LPC55S69_cm33_core0.s

UsageFault_Handler 0000001A

Symbol: UsageFault_Handler
   Definitions
      At line 150 in file ..\core\startup_LPC55S69_cm33_core0.s
   Uses
      At line 34 in file ..\core\startup_LPC55S69_cm33_core0.s
      At line 151 in file ..\core\startup_LPC55S69_cm33_core0.s

WDT_BOD_DriverIRQHandler 00000116

Symbol: WDT_BOD_DriverIRQHandler



ARM Macro Assembler    Page 21 Alphabetic symbol ordering
Relocatable symbols

   Definitions
      At line 662 in file ..\core\startup_LPC55S69_cm33_core0.s
   Uses
      At line 183 in file ..\core\startup_LPC55S69_cm33_core0.s
      At line 601 in file ..\core\startup_LPC55S69_cm33_core0.s

WDT_BOD_IRQHandler 00000026

Symbol: WDT_BOD_IRQHandler
   Definitions
      At line 181 in file ..\core\startup_LPC55S69_cm33_core0.s
   Uses
      At line 47 in file ..\core\startup_LPC55S69_cm33_core0.s
      At line 182 in file ..\core\startup_LPC55S69_cm33_core0.s

133 symbols



ARM Macro Assembler    Page 1 Alphabetic symbol ordering
External symbols

Image$$ARM_LIB_STACK$$ZI$$Base 00000000

Symbol: Image$$ARM_LIB_STACK$$ZI$$Base
   Definitions
      At line 116 in file ..\core\startup_LPC55S69_cm33_core0.s
   Uses
      At line 119 in file ..\core\startup_LPC55S69_cm33_core0.s
Comment: Image$$ARM_LIB_STACK$$ZI$$Base used once
Image$$ARM_LIB_STACK$$ZI$$Limit 00000000

Symbol: Image$$ARM_LIB_STACK$$ZI$$Limit
   Definitions
      At line 25 in file ..\core\startup_LPC55S69_cm33_core0.s
   Uses
      At line 27 in file ..\core\startup_LPC55S69_cm33_core0.s
Comment: Image$$ARM_LIB_STACK$$ZI$$Limit used once
SystemInit 00000000

Symbol: SystemInit
   Definitions
      At line 114 in file ..\core\startup_LPC55S69_cm33_core0.s
   Uses
      At line 121 in file ..\core\startup_LPC55S69_cm33_core0.s
Comment: SystemInit used once
__main 00000000

Symbol: __main
   Definitions
      At line 115 in file ..\core\startup_LPC55S69_cm33_core0.s
   Uses
      At line 124 in file ..\core\startup_LPC55S69_cm33_core0.s
Comment: __main used once
4 symbols
478 symbols in table
